<?xml version="1.0" encoding="UTF-8"?>
<testsuite xmlns:xsi="http://www.w3.org/2001/XMLSchema-instance" xsi:noNamespaceSchemaLocation="https://maven.apache.org/surefire/maven-failsafe-plugin/xsd/failsafe-test-report-3.0.xsd" version="3.0" name="com.tutorialsninja.automation.runner.TestRunner" time="207.577" tests="1" errors="0" skipped="0" failures="1">
  <properties>
    <property name="sun.desktop" value="windows"/>
    <property name="awt.toolkit" value="sun.awt.windows.WToolkit"/>
    <property name="file.encoding.pkg" value="sun.io"/>
    <property name="java.specification.version" value="1.8"/>
    <property name="sun.cpu.isalist" value="amd64"/>
    <property name="sun.jnu.encoding" value="Cp1252"/>
    <property name="java.class.path" value="E:\EcommerceApplicationAutomation\EcomAutomation\target\test-classes;E:\EcommerceApplicationAutomation\EcomAutomation\target\TutorialsNinja-0.0.1-SNAPSHOT.jar;C:\Users\USER\.m2\repository\log4j\log4j\1.2.17\log4j-1.2.17.jar;C:\Users\USER\.m2\repository\com\github\ralfstuckert\pdfbox-layout\pdfbox2-layout\1.0.1\pdfbox2-layout-1.0.1.jar;C:\Users\USER\.m2\repository\org\apache\pdfbox\pdfbox\2.0.4\pdfbox-2.0.4.jar;C:\Users\USER\.m2\repository\org\apache\pdfbox\fontbox\2.0.4\fontbox-2.0.4.jar;C:\Users\USER\.m2\repository\commons-logging\commons-logging\1.2\commons-logging-1.2.jar;C:\Users\USER\.m2\repository\io\cucumber\cucumber-java\6.9.0\cucumber-java-6.9.0.jar;C:\Users\USER\.m2\repository\io\cucumber\cucumber-core\6.9.0\cucumber-core-6.9.0.jar;C:\Users\USER\.m2\repository\io\cucumber\cucumber-gherkin\6.9.0\cucumber-gherkin-6.9.0.jar;C:\Users\USER\.m2\repository\io\cucumber\cucumber-gherkin-messages\6.9.0\cucumber-gherkin-messages-6.9.0.jar;C:\Users\USER\.m2\repository\io\cucumber\messages\13.2.0\messages-13.2.0.jar;C:\Users\USER\.m2\repository\io\cucumber\tag-expressions\3.0.0\tag-expressions-3.0.0.jar;C:\Users\USER\.m2\repository\io\cucumber\cucumber-expressions\10.3.0\cucumber-expressions-10.3.0.jar;C:\Users\USER\.m2\repository\io\cucumber\cucumber-plugin\6.9.0\cucumber-plugin-6.9.0.jar;C:\Users\USER\.m2\repository\io\cucumber\docstring\6.9.0\docstring-6.9.0.jar;C:\Users\USER\.m2\repository\io\cucumber\html-formatter\9.0.0\html-formatter-9.0.0.jar;C:\Users\USER\.m2\repository\io\cucumber\create-meta\2.0.4\create-meta-2.0.4.jar;C:\Users\USER\.m2\repository\org\apiguardian\apiguardian-api\1.1.0\apiguardian-api-1.1.0.jar;C:\Users\USER\.m2\repository\io\cucumber\datatable-dependencies\1.1.12\datatable-dependencies-1.1.12.jar;C:\Users\USER\.m2\repository\io\cucumber\datatable\1.0.3\datatable-1.0.3.jar;C:\Users\USER\.m2\repository\io\cucumber\cucumber-junit\6.9.0\cucumber-junit-6.9.0.jar;C:\Users\USER\.m2\repository\junit\junit\4.13.1\junit-4.13.1.jar;C:\Users\USER\.m2\repository\org\hamcrest\hamcrest-core\1.3\hamcrest-core-1.3.jar;C:\Users\USER\.m2\repository\org\seleniumhq\selenium\selenium-java\3.141.59\selenium-java-3.141.59.jar;C:\Users\USER\.m2\repository\org\seleniumhq\selenium\selenium-api\3.141.59\selenium-api-3.141.59.jar;C:\Users\USER\.m2\repository\org\seleniumhq\selenium\selenium-chrome-driver\3.141.59\selenium-chrome-driver-3.141.59.jar;C:\Users\USER\.m2\repository\org\seleniumhq\selenium\selenium-edge-driver\3.141.59\selenium-edge-driver-3.141.59.jar;C:\Users\USER\.m2\repository\org\seleniumhq\selenium\selenium-firefox-driver\3.141.59\selenium-firefox-driver-3.141.59.jar;C:\Users\USER\.m2\repository\org\seleniumhq\selenium\selenium-ie-driver\3.141.59\selenium-ie-driver-3.141.59.jar;C:\Users\USER\.m2\repository\org\seleniumhq\selenium\selenium-opera-driver\3.141.59\selenium-opera-driver-3.141.59.jar;C:\Users\USER\.m2\repository\org\seleniumhq\selenium\selenium-remote-driver\3.141.59\selenium-remote-driver-3.141.59.jar;C:\Users\USER\.m2\repository\org\seleniumhq\selenium\selenium-safari-driver\3.141.59\selenium-safari-driver-3.141.59.jar;C:\Users\USER\.m2\repository\org\seleniumhq\selenium\selenium-support\3.141.59\selenium-support-3.141.59.jar;C:\Users\USER\.m2\repository\net\bytebuddy\byte-buddy\1.8.15\byte-buddy-1.8.15.jar;C:\Users\USER\.m2\repository\org\apache\commons\commons-exec\1.3\commons-exec-1.3.jar;C:\Users\USER\.m2\repository\com\google\guava\guava\25.0-jre\guava-25.0-jre.jar;C:\Users\USER\.m2\repository\com\google\code\findbugs\jsr305\1.3.9\jsr305-1.3.9.jar;C:\Users\USER\.m2\repository\org\checkerframework\checker-compat-qual\2.0.0\checker-compat-qual-2.0.0.jar;C:\Users\USER\.m2\repository\com\google\errorprone\error_prone_annotations\2.1.3\error_prone_annotations-2.1.3.jar;C:\Users\USER\.m2\repository\com\google\j2objc\j2objc-annotations\1.1\j2objc-annotations-1.1.jar;C:\Users\USER\.m2\repository\org\codehaus\mojo\animal-sniffer-annotations\1.14\animal-sniffer-annotations-1.14.jar;C:\Users\USER\.m2\repository\com\squareup\okhttp3\okhttp\3.11.0\okhttp-3.11.0.jar;C:\Users\USER\.m2\repository\com\squareup\okio\okio\1.14.0\okio-1.14.0.jar;C:\Users\USER\.m2\repository\io\github\bonigarcia\webdrivermanager\4.2.2\webdrivermanager-4.2.2.jar;C:\Users\USER\.m2\repository\org\slf4j\slf4j-api\1.7.30\slf4j-api-1.7.30.jar;C:\Users\USER\.m2\repository\commons-io\commons-io\2.8.0\commons-io-2.8.0.jar;C:\Users\USER\.m2\repository\com\google\code\gson\gson\2.8.6\gson-2.8.6.jar;C:\Users\USER\.m2\repository\org\apache\commons\commons-lang3\3.11\commons-lang3-3.11.jar;C:\Users\USER\.m2\repository\org\apache\httpcomponents\client5\httpclient5\5.0.1\httpclient5-5.0.1.jar;C:\Users\USER\.m2\repository\org\apache\httpcomponents\core5\httpcore5\5.0.1\httpcore5-5.0.1.jar;C:\Users\USER\.m2\repository\org\apache\httpcomponents\core5\httpcore5-h2\5.0.1\httpcore5-h2-5.0.1.jar;C:\Users\USER\.m2\repository\org\rauschig\jarchivelib\1.1.0\jarchivelib-1.1.0.jar;C:\Users\USER\.m2\repository\org\jsoup\jsoup\1.13.1\jsoup-1.13.1.jar;C:\Users\USER\.m2\repository\tech\grasshopper\extentreports-cucumber6-adapter\2.6.0\extentreports-cucumber6-adapter-2.6.0.jar;C:\Users\USER\.m2\repository\com\aventstack\extentreports\5.0.5\extentreports-5.0.5.jar;C:\Users\USER\.m2\repository\io\reactivex\rxjava3\rxjava\3.0.4\rxjava-3.0.4.jar;C:\Users\USER\.m2\repository\org\reactivestreams\reactive-streams\1.0.3\reactive-streams-1.0.3.jar;C:\Users\USER\.m2\repository\org\freemarker\freemarker\2.3.30\freemarker-2.3.30.jar;C:\Users\USER\.m2\repository\org\projectlombok\lombok\1.18.12\lombok-1.18.12.jar;C:\Users\USER\.m2\repository\tech\grasshopper\extent-pdf-report\1.5.0\extent-pdf-report-1.5.0.jar;C:\Users\USER\.m2\repository\tech\grasshopper\cucumber-pdf-report\1.7.0\cucumber-pdf-report-1.7.0.jar;C:\Users\USER\.m2\repository\org\knowm\xchart\xchart\3.6.5\xchart-3.6.5.jar;C:\Users\USER\.m2\repository\de\erichseifert\vectorgraphics2d\VectorGraphics2D\0.13\VectorGraphics2D-0.13.jar;C:\Users\USER\.m2\repository\de\rototor\pdfbox\graphics2d\0.27\graphics2d-0.27.jar;C:\Users\USER\.m2\repository\com\madgag\animated-gif-lib\1.4\animated-gif-lib-1.4.jar;C:\Users\USER\.m2\repository\com\github\vandeseer\easytable\0.7.1\easytable-0.7.1.jar;C:\Users\USER\.m2\repository\org\yaml\snakeyaml\1.27\snakeyaml-1.27.jar;C:\Users\USER\.m2\repository\com\aventstack\klov-reporter\5.0.5\klov-reporter-5.0.5.jar;C:\Users\USER\.m2\repository\org\mongodb\bson\3.6.4\bson-3.6.4.jar;C:\Users\USER\.m2\repository\org\apache\httpcomponents\httpclient\4.5.2\httpclient-4.5.2.jar;C:\Users\USER\.m2\repository\org\apache\httpcomponents\httpcore\4.4.4\httpcore-4.4.4.jar;C:\Users\USER\.m2\repository\org\apache\httpcomponents\httpmime\4.5.2\httpmime-4.5.2.jar;C:\Users\USER\.m2\repository\org\mongodb\mongodb-driver\3.3.0\mongodb-driver-3.3.0.jar;C:\Users\USER\.m2\repository\org\mongodb\mongodb-driver-core\3.3.0\mongodb-driver-core-3.3.0.jar;C:\Users\USER\.m2\repository\org\testng\testng\6.14.3\testng-6.14.3.jar;C:\Users\USER\.m2\repository\com\beust\jcommander\1.72\jcommander-1.72.jar;C:\Users\USER\.m2\repository\org\apache-extras\beanshell\bsh\2.0b6\bsh-2.0b6.jar;C:\Users\USER\.m2\repository\io\cucumber\cucumber-testng\6.9.0\cucumber-testng-6.9.0.jar;C:\Users\USER\.m2\repository\org\apache\poi\poi\4.1.2\poi-4.1.2.jar;C:\Users\USER\.m2\repository\commons-codec\commons-codec\1.13\commons-codec-1.13.jar;C:\Users\USER\.m2\repository\org\apache\commons\commons-collections4\4.4\commons-collections4-4.4.jar;C:\Users\USER\.m2\repository\org\apache\commons\commons-math3\3.6.1\commons-math3-3.6.1.jar;C:\Users\USER\.m2\repository\com\zaxxer\SparseBitSet\1.2\SparseBitSet-1.2.jar;C:\Users\USER\.m2\repository\org\apache\poi\poi-ooxml\4.1.2\poi-ooxml-4.1.2.jar;C:\Users\USER\.m2\repository\org\apache\poi\poi-ooxml-schemas\4.1.2\poi-ooxml-schemas-4.1.2.jar;C:\Users\USER\.m2\repository\org\apache\xmlbeans\xmlbeans\3.1.0\xmlbeans-3.1.0.jar;C:\Users\USER\.m2\repository\org\apache\commons\commons-compress\1.19\commons-compress-1.19.jar;C:\Users\USER\.m2\repository\com\github\virtuald\curvesapi\1.06\curvesapi-1.06.jar;"/>
    <property name="java.vm.vendor" value="Oracle Corporation"/>
    <property name="sun.arch.data.model" value="64"/>
    <property name="user.variant" value=""/>
    <property name="java.vendor.url" value="http://java.oracle.com/"/>
    <property name="user.timezone" value="Asia/Calcutta"/>
    <property name="java.vm.specification.version" value="1.8"/>
    <property name="os.name" value="Windows 10"/>
    <property name="user.country" value="IN"/>
    <property name="sun.java.launcher" value="SUN_STANDARD"/>
    <property name="sun.boot.library.path" value="C:\Program Files\Java\jdk1.8.0_271\jre\bin"/>
    <property name="sun.java.command" value="C:\Users\USER\AppData\Local\Temp\surefire100489701025297432\surefirebooter2575884712260563783.jar C:\Users\USER\AppData\Local\Temp\surefire100489701025297432 2022-03-16T12-07-15_244-jvmRun1 surefire930894637302635538tmp surefire_07650793168193959544tmp"/>
    <property name="surefire.test.class.path" value="E:\EcommerceApplicationAutomation\EcomAutomation\target\test-classes;E:\EcommerceApplicationAutomation\EcomAutomation\target\TutorialsNinja-0.0.1-SNAPSHOT.jar;C:\Users\USER\.m2\repository\log4j\log4j\1.2.17\log4j-1.2.17.jar;C:\Users\USER\.m2\repository\com\github\ralfstuckert\pdfbox-layout\pdfbox2-layout\1.0.1\pdfbox2-layout-1.0.1.jar;C:\Users\USER\.m2\repository\org\apache\pdfbox\pdfbox\2.0.4\pdfbox-2.0.4.jar;C:\Users\USER\.m2\repository\org\apache\pdfbox\fontbox\2.0.4\fontbox-2.0.4.jar;C:\Users\USER\.m2\repository\commons-logging\commons-logging\1.2\commons-logging-1.2.jar;C:\Users\USER\.m2\repository\io\cucumber\cucumber-java\6.9.0\cucumber-java-6.9.0.jar;C:\Users\USER\.m2\repository\io\cucumber\cucumber-core\6.9.0\cucumber-core-6.9.0.jar;C:\Users\USER\.m2\repository\io\cucumber\cucumber-gherkin\6.9.0\cucumber-gherkin-6.9.0.jar;C:\Users\USER\.m2\repository\io\cucumber\cucumber-gherkin-messages\6.9.0\cucumber-gherkin-messages-6.9.0.jar;C:\Users\USER\.m2\repository\io\cucumber\messages\13.2.0\messages-13.2.0.jar;C:\Users\USER\.m2\repository\io\cucumber\tag-expressions\3.0.0\tag-expressions-3.0.0.jar;C:\Users\USER\.m2\repository\io\cucumber\cucumber-expressions\10.3.0\cucumber-expressions-10.3.0.jar;C:\Users\USER\.m2\repository\io\cucumber\cucumber-plugin\6.9.0\cucumber-plugin-6.9.0.jar;C:\Users\USER\.m2\repository\io\cucumber\docstring\6.9.0\docstring-6.9.0.jar;C:\Users\USER\.m2\repository\io\cucumber\html-formatter\9.0.0\html-formatter-9.0.0.jar;C:\Users\USER\.m2\repository\io\cucumber\create-meta\2.0.4\create-meta-2.0.4.jar;C:\Users\USER\.m2\repository\org\apiguardian\apiguardian-api\1.1.0\apiguardian-api-1.1.0.jar;C:\Users\USER\.m2\repository\io\cucumber\datatable-dependencies\1.1.12\datatable-dependencies-1.1.12.jar;C:\Users\USER\.m2\repository\io\cucumber\datatable\1.0.3\datatable-1.0.3.jar;C:\Users\USER\.m2\repository\io\cucumber\cucumber-junit\6.9.0\cucumber-junit-6.9.0.jar;C:\Users\USER\.m2\repository\junit\junit\4.13.1\junit-4.13.1.jar;C:\Users\USER\.m2\repository\org\hamcrest\hamcrest-core\1.3\hamcrest-core-1.3.jar;C:\Users\USER\.m2\repository\org\seleniumhq\selenium\selenium-java\3.141.59\selenium-java-3.141.59.jar;C:\Users\USER\.m2\repository\org\seleniumhq\selenium\selenium-api\3.141.59\selenium-api-3.141.59.jar;C:\Users\USER\.m2\repository\org\seleniumhq\selenium\selenium-chrome-driver\3.141.59\selenium-chrome-driver-3.141.59.jar;C:\Users\USER\.m2\repository\org\seleniumhq\selenium\selenium-edge-driver\3.141.59\selenium-edge-driver-3.141.59.jar;C:\Users\USER\.m2\repository\org\seleniumhq\selenium\selenium-firefox-driver\3.141.59\selenium-firefox-driver-3.141.59.jar;C:\Users\USER\.m2\repository\org\seleniumhq\selenium\selenium-ie-driver\3.141.59\selenium-ie-driver-3.141.59.jar;C:\Users\USER\.m2\repository\org\seleniumhq\selenium\selenium-opera-driver\3.141.59\selenium-opera-driver-3.141.59.jar;C:\Users\USER\.m2\repository\org\seleniumhq\selenium\selenium-remote-driver\3.141.59\selenium-remote-driver-3.141.59.jar;C:\Users\USER\.m2\repository\org\seleniumhq\selenium\selenium-safari-driver\3.141.59\selenium-safari-driver-3.141.59.jar;C:\Users\USER\.m2\repository\org\seleniumhq\selenium\selenium-support\3.141.59\selenium-support-3.141.59.jar;C:\Users\USER\.m2\repository\net\bytebuddy\byte-buddy\1.8.15\byte-buddy-1.8.15.jar;C:\Users\USER\.m2\repository\org\apache\commons\commons-exec\1.3\commons-exec-1.3.jar;C:\Users\USER\.m2\repository\com\google\guava\guava\25.0-jre\guava-25.0-jre.jar;C:\Users\USER\.m2\repository\com\google\code\findbugs\jsr305\1.3.9\jsr305-1.3.9.jar;C:\Users\USER\.m2\repository\org\checkerframework\checker-compat-qual\2.0.0\checker-compat-qual-2.0.0.jar;C:\Users\USER\.m2\repository\com\google\errorprone\error_prone_annotations\2.1.3\error_prone_annotations-2.1.3.jar;C:\Users\USER\.m2\repository\com\google\j2objc\j2objc-annotations\1.1\j2objc-annotations-1.1.jar;C:\Users\USER\.m2\repository\org\codehaus\mojo\animal-sniffer-annotations\1.14\animal-sniffer-annotations-1.14.jar;C:\Users\USER\.m2\repository\com\squareup\okhttp3\okhttp\3.11.0\okhttp-3.11.0.jar;C:\Users\USER\.m2\repository\com\squareup\okio\okio\1.14.0\okio-1.14.0.jar;C:\Users\USER\.m2\repository\io\github\bonigarcia\webdrivermanager\4.2.2\webdrivermanager-4.2.2.jar;C:\Users\USER\.m2\repository\org\slf4j\slf4j-api\1.7.30\slf4j-api-1.7.30.jar;C:\Users\USER\.m2\repository\commons-io\commons-io\2.8.0\commons-io-2.8.0.jar;C:\Users\USER\.m2\repository\com\google\code\gson\gson\2.8.6\gson-2.8.6.jar;C:\Users\USER\.m2\repository\org\apache\commons\commons-lang3\3.11\commons-lang3-3.11.jar;C:\Users\USER\.m2\repository\org\apache\httpcomponents\client5\httpclient5\5.0.1\httpclient5-5.0.1.jar;C:\Users\USER\.m2\repository\org\apache\httpcomponents\core5\httpcore5\5.0.1\httpcore5-5.0.1.jar;C:\Users\USER\.m2\repository\org\apache\httpcomponents\core5\httpcore5-h2\5.0.1\httpcore5-h2-5.0.1.jar;C:\Users\USER\.m2\repository\org\rauschig\jarchivelib\1.1.0\jarchivelib-1.1.0.jar;C:\Users\USER\.m2\repository\org\jsoup\jsoup\1.13.1\jsoup-1.13.1.jar;C:\Users\USER\.m2\repository\tech\grasshopper\extentreports-cucumber6-adapter\2.6.0\extentreports-cucumber6-adapter-2.6.0.jar;C:\Users\USER\.m2\repository\com\aventstack\extentreports\5.0.5\extentreports-5.0.5.jar;C:\Users\USER\.m2\repository\io\reactivex\rxjava3\rxjava\3.0.4\rxjava-3.0.4.jar;C:\Users\USER\.m2\repository\org\reactivestreams\reactive-streams\1.0.3\reactive-streams-1.0.3.jar;C:\Users\USER\.m2\repository\org\freemarker\freemarker\2.3.30\freemarker-2.3.30.jar;C:\Users\USER\.m2\repository\org\projectlombok\lombok\1.18.12\lombok-1.18.12.jar;C:\Users\USER\.m2\repository\tech\grasshopper\extent-pdf-report\1.5.0\extent-pdf-report-1.5.0.jar;C:\Users\USER\.m2\repository\tech\grasshopper\cucumber-pdf-report\1.7.0\cucumber-pdf-report-1.7.0.jar;C:\Users\USER\.m2\repository\org\knowm\xchart\xchart\3.6.5\xchart-3.6.5.jar;C:\Users\USER\.m2\repository\de\erichseifert\vectorgraphics2d\VectorGraphics2D\0.13\VectorGraphics2D-0.13.jar;C:\Users\USER\.m2\repository\de\rototor\pdfbox\graphics2d\0.27\graphics2d-0.27.jar;C:\Users\USER\.m2\repository\com\madgag\animated-gif-lib\1.4\animated-gif-lib-1.4.jar;C:\Users\USER\.m2\repository\com\github\vandeseer\easytable\0.7.1\easytable-0.7.1.jar;C:\Users\USER\.m2\repository\org\yaml\snakeyaml\1.27\snakeyaml-1.27.jar;C:\Users\USER\.m2\repository\com\aventstack\klov-reporter\5.0.5\klov-reporter-5.0.5.jar;C:\Users\USER\.m2\repository\org\mongodb\bson\3.6.4\bson-3.6.4.jar;C:\Users\USER\.m2\repository\org\apache\httpcomponents\httpclient\4.5.2\httpclient-4.5.2.jar;C:\Users\USER\.m2\repository\org\apache\httpcomponents\httpcore\4.4.4\httpcore-4.4.4.jar;C:\Users\USER\.m2\repository\org\apache\httpcomponents\httpmime\4.5.2\httpmime-4.5.2.jar;C:\Users\USER\.m2\repository\org\mongodb\mongodb-driver\3.3.0\mongodb-driver-3.3.0.jar;C:\Users\USER\.m2\repository\org\mongodb\mongodb-driver-core\3.3.0\mongodb-driver-core-3.3.0.jar;C:\Users\USER\.m2\repository\org\testng\testng\6.14.3\testng-6.14.3.jar;C:\Users\USER\.m2\repository\com\beust\jcommander\1.72\jcommander-1.72.jar;C:\Users\USER\.m2\repository\org\apache-extras\beanshell\bsh\2.0b6\bsh-2.0b6.jar;C:\Users\USER\.m2\repository\io\cucumber\cucumber-testng\6.9.0\cucumber-testng-6.9.0.jar;C:\Users\USER\.m2\repository\org\apache\poi\poi\4.1.2\poi-4.1.2.jar;C:\Users\USER\.m2\repository\commons-codec\commons-codec\1.13\commons-codec-1.13.jar;C:\Users\USER\.m2\repository\org\apache\commons\commons-collections4\4.4\commons-collections4-4.4.jar;C:\Users\USER\.m2\repository\org\apache\commons\commons-math3\3.6.1\commons-math3-3.6.1.jar;C:\Users\USER\.m2\repository\com\zaxxer\SparseBitSet\1.2\SparseBitSet-1.2.jar;C:\Users\USER\.m2\repository\org\apache\poi\poi-ooxml\4.1.2\poi-ooxml-4.1.2.jar;C:\Users\USER\.m2\repository\org\apache\poi\poi-ooxml-schemas\4.1.2\poi-ooxml-schemas-4.1.2.jar;C:\Users\USER\.m2\repository\org\apache\xmlbeans\xmlbeans\3.1.0\xmlbeans-3.1.0.jar;C:\Users\USER\.m2\repository\org\apache\commons\commons-compress\1.19\commons-compress-1.19.jar;C:\Users\USER\.m2\repository\com\github\virtuald\curvesapi\1.06\curvesapi-1.06.jar;"/>
    <property name="sun.cpu.endian" value="little"/>
    <property name="user.home" value="C:\Users\USER"/>
    <property name="user.language" value="en"/>
    <property name="java.specification.vendor" value="Oracle Corporation"/>
    <property name="java.home" value="C:\Program Files\Java\jdk1.8.0_271\jre"/>
    <property name="basedir" value="E:\EcommerceApplicationAutomation\EcomAutomation"/>
    <property name="file.separator" value="\"/>
    <property name="line.separator" value="&#10;"/>
    <property name="java.vm.specification.vendor" value="Oracle Corporation"/>
    <property name="java.specification.name" value="Java Platform API Specification"/>
    <property name="java.awt.graphicsenv" value="sun.awt.Win32GraphicsEnvironment"/>
    <property name="surefire.real.class.path" value="C:\Users\USER\AppData\Local\Temp\surefire100489701025297432\surefirebooter2575884712260563783.jar"/>
    <property name="sun.boot.class.path" value="C:\Program Files\Java\jdk1.8.0_271\jre\lib\resources.jar;C:\Program Files\Java\jdk1.8.0_271\jre\lib\rt.jar;C:\Program Files\Java\jdk1.8.0_271\jre\lib\sunrsasign.jar;C:\Program Files\Java\jdk1.8.0_271\jre\lib\jsse.jar;C:\Program Files\Java\jdk1.8.0_271\jre\lib\jce.jar;C:\Program Files\Java\jdk1.8.0_271\jre\lib\charsets.jar;C:\Program Files\Java\jdk1.8.0_271\jre\lib\jfr.jar;C:\Program Files\Java\jdk1.8.0_271\jre\classes"/>
    <property name="user.script" value=""/>
    <property name="sun.management.compiler" value="HotSpot 64-Bit Tiered Compilers"/>
    <property name="java.runtime.version" value="1.8.0_271-b09"/>
    <property name="user.name" value="USER"/>
    <property name="path.separator" value=";"/>
    <property name="os.version" value="10.0"/>
    <property name="java.endorsed.dirs" value="C:\Program Files\Java\jdk1.8.0_271\jre\lib\endorsed"/>
    <property name="java.runtime.name" value="Java(TM) SE Runtime Environment"/>
    <property name="file.encoding" value="Cp1252"/>
    <property name="java.vm.name" value="Java HotSpot(TM) 64-Bit Server VM"/>
    <property name="localRepository" value="C:\Users\USER\.m2\repository"/>
    <property name="java.vendor.url.bug" value="http://bugreport.sun.com/bugreport/"/>
    <property name="java.io.tmpdir" value="C:\Users\USER\AppData\Local\Temp\"/>
    <property name="java.version" value="1.8.0_271"/>
    <property name="user.dir" value="E:\EcommerceApplicationAutomation\EcomAutomation"/>
    <property name="os.arch" value="amd64"/>
    <property name="java.vm.specification.name" value="Java Virtual Machine Specification"/>
    <property name="java.awt.printerjob" value="sun.awt.windows.WPrinterJob"/>
    <property name="sun.os.patch.level" value=""/>
    <property name="java.library.path" value="C:\Program Files\Java\jdk1.8.0_271\jre\bin;C:\Windows\Sun\Java\bin;C:\Windows\system32;C:\Windows;C:\Program Files\Amazon Corretto\jdk11.0.7_10\bin;C:\Users\USER\gcc\bin;C:\Users\USER\gcc\libexec\gcc\i686-pc-mingw32\7.0.1;C:\ProgramData\Oracle\Java\javapath;C:\Program Files (x86)\Python37-32\Scripts\;C:\Program Files (x86)\Python37-32\;C:\Windows\system32;C:\Windows;C:\Windows\System32\Wbem;C:\Windows\System32\WindowsPowerShell\v1.0\;C:\Windows\System32\OpenSSH\;C:\cygwin64\bin;C:\Program Files\nodejs\;C:\sqlite3;C:\Program Files\Git\cmd;C:\Program Files\Microsoft SQL Server\130\Tools\Binn\;C:\Program Files\Microsoft SQL Server\Client SDK\ODBC\170\Tools\Binn\;C:\xampp\mysql\bin;C:\Program Files\MySQL\MySQL Server 8.0\bin;C:\Program Files\dotnet\;C:\Program Files (x86)\Microsoft SQL Server\150\Tools\Binn\;C:\Program Files\Microsoft SQL Server\150\Tools\Binn\;C:\Program Files\Microsoft SQL Server\150\DTS\Binn\;C:\Program Files (x86)\Microsoft SQL Server\150\DTS\Binn\;C:\Program Files\PuTTY\;C:\Program Files\Docker\Docker\resources\bin;C:\ProgramData\DockerDesktop\version-bin;C:\HashiCorp\Vagrant\bin;C:\Program Files\Jenkins;C:\apache-maven-3.6.3\bin;C:\Program Files\Java\jdk1.8.0_271\bin;C:\Program Files\Amazon Corretto\jdk11.0.7_10\bin;C:\Users\USER\gcc\bin;C:\Users\USER\gcc\libexec\gcc\i686-pc-mingw32\7.0.1;C:\ProgramData\Oracle\Java\javapath;C:\Program Files (x86)\Python37-32\Scripts\;C:\Program Files (x86)\Python37-32\;C:\Windows\system32;C:\Windows;C:\Windows\System32\Wbem;C:\Windows\System32\WindowsPowerShell\v1.0\;C:\Windows\System32\OpenSSH\;C:\cygwin64\bin;C:\Program Files\nodejs\;C:\sqlite3;C:\Program Files\Git\cmd;C:\Program Files\Microsoft SQL Server\130\Tools\Binn\;C:\Program Files\Microsoft SQL Server\Client SDK\ODBC\170\Tools\Binn\;C:\xampp\mysql\bin;C:\Program Files\MySQL\MySQL Server 8.0\bin;C:\Program Files\dotnet\;C:\Program Files (x86)\Microsoft SQL Server\150\Tools\Binn\;C:\Program Files\Microsoft SQL Server\150\Tools\Binn\;C:\Program Files\Microsoft SQL Server\150\DTS\Binn\;C:\Program Files (x86)\Microsoft SQL Server\150\DTS\Binn\;C:\Program Files\PuTTY\;C:\Program Files\MySQL\MySQL Shell 8.0\bin\;C:\Users\USER\AppData\Local\Programs\Microsoft VS Code\bin;C:\Users\USER\A;C:\Users\USER\AppData\Roaming\npm;C:\Users\USER\AppData\Roaming\npm\node_modules\@angular\cli\bin;C:\Program Files\Jenkins;;."/>
    <property name="java.vm.info" value="mixed mode"/>
    <property name="java.vendor" value="Oracle Corporation"/>
    <property name="java.vm.version" value="25.271-b09"/>
    <property name="java.ext.dirs" value="C:\Program Files\Java\jdk1.8.0_271\jre\lib\ext;C:\Windows\Sun\Java\lib\ext"/>
    <property name="sun.io.unicode.encoding" value="UnicodeLittle"/>
    <property name="java.class.version" value="52.0"/>
  </properties>
  <testcase name="null on com.tutorialsninja.automation.runner.TestRunner" classname="com.tutorialsninja.automation.runner.TestRunner" time="207.337">
    <failure message="java.lang.NoSuchMethodError: org.apache.pdfbox.pdmodel.interactive.annotation.PDAnnotation.constructAppearances()V" type="java.lang.BootstrapMethodError">java.lang.BootstrapMethodError: java.lang.NoSuchMethodError: org.apache.pdfbox.pdmodel.interactive.annotation.PDAnnotation.constructAppearances()V
Caused by: java.lang.NoSuchMethodError: org.apache.pdfbox.pdmodel.interactive.annotation.PDAnnotation.constructAppearances()V
</failure>
    <system-out><![CDATA[
Scenario: Verify whether the user is able to login with valid credentials                           # FeatureFiles//Login.feature:4
2022-03-16 12:07:18 [INFO ] [Hooks] - [setUp] Scenario Started: Verify whether the user is able to login with valid credentials
2022-03-16 12:07:18 [INFO ] [Browser] - [startBrowser] Selected Browser is: firefox
2022-03-16 12:07:27 [INFO ] [Browser] - [startBrowser] Firefox Browser is Started1449987177
  Given I launch the application                                                                    # com.tutorialsninja.automation.stepdef.Register.i_launch_the_application()
  And I navigate to login page                                                                      # com.tutorialsninja.automation.stepdef.Login.i_navigate_to_login_page()
  When I Login to application using username "tusharnangre5446@gmail.com" and password "tushar1234" # com.tutorialsninja.automation.stepdef.Login.i_login_to_application_using_username_something_and_password_something(java.lang.String,java.lang.String)
  Then I should see that user is able to login successfully                                         # com.tutorialsninja.automation.stepdef.Login.i_should_see_that_user_is_able_to_login_successfully()
2022-03-16 12:07:36 [INFO ] [Hooks] - [closeBrowser] Scenario Completed: Verify whether the user is able to login with valid credentials
2022-03-16 12:07:36 [INFO ] [Hooks] - [closeBrowser] Scenario Status is: PASSED

Scenario: Verify whether user is able to login with invalid credentials                             # FeatureFiles//Login.feature:10
2022-03-16 12:07:37 [INFO ] [Hooks] - [setUp] Scenario Started: Verify whether user is able to login with invalid credentials
2022-03-16 12:07:37 [INFO ] [Browser] - [startBrowser] Selected Browser is: firefox
2022-03-16 12:07:45 [INFO ] [Browser] - [startBrowser] Firefox Browser is Started1609754699
  Given I launch the application                                                                    # com.tutorialsninja.automation.stepdef.Register.i_launch_the_application()
  And I navigate to login page                                                                      # com.tutorialsninja.automation.stepdef.Login.i_navigate_to_login_page()
  When I Login to application using username "tusharnangre5446@gmail.com" and password "tushartest" # com.tutorialsninja.automation.stepdef.Login.i_login_to_application_using_username_something_and_password_something(java.lang.String,java.lang.String)
  Then I should see validation message for incorrect credentials                                    # com.tutorialsninja.automation.stepdef.Login.i_should_see_validation_message_for_incorrect_credentials()
2022-03-16 12:07:51 [INFO ] [Hooks] - [closeBrowser] Scenario Completed: Verify whether user is able to login with invalid credentials
2022-03-16 12:07:51 [INFO ] [Hooks] - [closeBrowser] Scenario Status is: PASSED

Scenario: Verify whether user is able to login without providing credentials # FeatureFiles//Login.feature:17
2022-03-16 12:07:52 [INFO ] [Hooks] - [setUp] Scenario Started: Verify whether user is able to login without providing credentials
2022-03-16 12:07:52 [INFO ] [Browser] - [startBrowser] Selected Browser is: firefox
2022-03-16 12:07:59 [INFO ] [Browser] - [startBrowser] Firefox Browser is Started2113367449
  Given I launch the application                                             # com.tutorialsninja.automation.stepdef.Register.i_launch_the_application()
  And I navigate to login page                                               # com.tutorialsninja.automation.stepdef.Login.i_navigate_to_login_page()
  When I Login to application using username "" and password ""              # com.tutorialsninja.automation.stepdef.Login.i_login_to_application_using_username_something_and_password_something(java.lang.String,java.lang.String)
  Then I should see validation message for incorrect credentials             # com.tutorialsninja.automation.stepdef.Login.i_should_see_validation_message_for_incorrect_credentials()
2022-03-16 12:08:05 [INFO ] [Hooks] - [closeBrowser] Scenario Completed: Verify whether user is able to login without providing credentials
2022-03-16 12:08:05 [INFO ] [Hooks] - [closeBrowser] Scenario Status is: PASSED

Scenario: Verify whether user is able to reset the forgotten password                                                           # FeatureFiles//Login.feature:24
2022-03-16 12:08:07 [INFO ] [Hooks] - [setUp] Scenario Started: Verify whether user is able to reset the forgotten password
2022-03-16 12:08:07 [INFO ] [Browser] - [startBrowser] Selected Browser is: firefox
2022-03-16 12:08:14 [INFO ] [Browser] - [startBrowser] Firefox Browser is Started1878454236
  Given I launch the application                                                                                                # com.tutorialsninja.automation.stepdef.Register.i_launch_the_application()
  And I navigate to login page                                                                                                  # com.tutorialsninja.automation.stepdef.Login.i_navigate_to_login_page()
  When I reset the forgotten password for email "tusharnangre5446@gmail.com"                                                    # com.tutorialsninja.automation.stepdef.Login.i_reset_the_forgotten_password_for_email(java.lang.String)
  Then I should see a message informing the user that information related to resetting password have been sent to email address # com.tutorialsninja.automation.stepdef.Login.i_should_see_a_message_informing_the_user_that_information_related_to_resetting_password_have_been_sent_to_email_address()
2022-03-16 12:08:21 [INFO ] [Hooks] - [closeBrowser] Scenario Completed: Verify whether user is able to reset the forgotten password
2022-03-16 12:08:21 [INFO ] [Hooks] - [closeBrowser] Scenario Status is: PASSED

@Two
Scenario: Verify whether user is able to place an order   # FeatureFiles//Order.feature:4
2022-03-16 12:08:22 [INFO ] [Hooks] - [setUp] Scenario Started: Verify whether user is able to place an order
2022-03-16 12:08:22 [INFO ] [Browser] - [startBrowser] Selected Browser is: firefox
2022-03-16 12:08:30 [INFO ] [Browser] - [startBrowser] Firefox Browser is Started1825071442
  Given I login to the application                        # com.tutorialsninja.automation.stepdef.Order.i_login_to_the_application()
  When I add any product to Bag and checkout              # com.tutorialsninja.automation.stepdef.Order.i_add_any_product_to_Bag_and_checkout()
  And I place an order                                    # com.tutorialsninja.automation.stepdef.Order.i_place_an_order()
      org.openqa.selenium.TimeoutException: Expected condition failed: waiting for com.tutorialsninja.automation.framework.Waits$$Lambda$427/2000563893@5c7dfc05 (tried for 30 second(s) with 500 milliseconds interval)
	at org.openqa.selenium.support.ui.WebDriverWait.timeoutException(WebDriverWait.java:95)
	at org.openqa.selenium.support.ui.FluentWait.until(FluentWait.java:272)
	at com.tutorialsninja.automation.framework.Waits.waitUntil(Waits.java:81)
	at com.tutorialsninja.automation.framework.Waits.waitUntil(Waits.java:85)
	at com.tutorialsninja.automation.framework.Elements.click(Elements.java:146)
	at com.tutorialsninja.automation.pages.CheckoutPage.placeAnOrder(CheckoutPage.java:36)
	at com.tutorialsninja.automation.stepdef.Order.i_place_an_order(Order.java:47)
	at âœ½.I place an order(classpath:FeatureFiles//Order.feature:7)
Caused by: org.openqa.selenium.NoSuchElementException: Unable to locate element: #button\-payment\-address
For documentation on this error, please visit: https://www.seleniumhq.org/exceptions/no_such_element.html
Build info: version: '3.141.59', revision: 'e82be7d358', time: '2018-11-14T08:17:03'
System info: host: '7USHAR', ip: '172.29.41.139', os.name: 'Windows 10', os.arch: 'amd64', os.version: '10.0', java.version: '1.8.0_271'
Driver info: org.openqa.selenium.firefox.FirefoxDriver
Capabilities {acceptInsecureCerts: true, browserName: firefox, browserVersion: 97.0.2, javascriptEnabled: true, moz:accessibilityChecks: false, moz:buildID: 20220304162637, moz:geckodriverVersion: 0.30.0, moz:headless: false, moz:processID: 11320, moz:profile: C:\Users\USER\AppData\Local..., moz:shutdownTimeout: 60000, moz:useNonSpecCompliantPointerOrigin: false, moz:webdriverClick: true, pageLoadStrategy: normal, platform: WINDOWS, platformName: WINDOWS, platformVersion: 10.0, proxy: Proxy(), setWindowRect: true, strictFileInteractability: false, timeouts: {implicit: 0, pageLoad: 300000, script: 30000}, unhandledPromptBehavior: dismiss and notify}
Session ID: 2404e29d-f388-4977-89da-5b4b4491cdc7
*** Element info: {Using=id, value=button-payment-address}
	at sun.reflect.GeneratedConstructorAccessor15.newInstance(Unknown Source)
	at sun.reflect.DelegatingConstructorAccessorImpl.newInstance(DelegatingConstructorAccessorImpl.java:45)
	at java.lang.reflect.Constructor.newInstance(Constructor.java:423)
	at org.openqa.selenium.remote.http.W3CHttpResponseCodec.createException(W3CHttpResponseCodec.java:187)
	at org.openqa.selenium.remote.http.W3CHttpResponseCodec.decode(W3CHttpResponseCodec.java:122)
	at org.openqa.selenium.remote.http.W3CHttpResponseCodec.decode(W3CHttpResponseCodec.java:49)
	at org.openqa.selenium.remote.HttpCommandExecutor.execute(HttpCommandExecutor.java:158)
	at org.openqa.selenium.remote.service.DriverCommandExecutor.execute(DriverCommandExecutor.java:83)
	at org.openqa.selenium.remote.RemoteWebDriver.execute(RemoteWebDriver.java:552)
	at org.openqa.selenium.remote.RemoteWebDriver.findElement(RemoteWebDriver.java:323)
	at org.openqa.selenium.remote.RemoteWebDriver.findElementById(RemoteWebDriver.java:372)
	at org.openqa.selenium.By$ById.findElement(By.java:188)
	at org.openqa.selenium.remote.RemoteWebDriver.findElement(RemoteWebDriver.java:315)
	at org.openqa.selenium.support.pagefactory.DefaultElementLocator.findElement(DefaultElementLocator.java:69)
	at org.openqa.selenium.support.pagefactory.internal.LocatingElementHandler.invoke(LocatingElementHandler.java:38)
	at com.sun.proxy.$Proxy21.isDisplayed(Unknown Source)
	at com.tutorialsninja.automation.framework.Elements.isDisplayed(Elements.java:95)
	at com.tutorialsninja.automation.framework.Elements.lambda$0(Elements.java:146)
	at com.tutorialsninja.automation.framework.Waits.lambda$0(Waits.java:81)
	at org.openqa.selenium.support.ui.FluentWait.until(FluentWait.java:249)
	at com.tutorialsninja.automation.framework.Waits.waitUntil(Waits.java:81)
	at com.tutorialsninja.automation.framework.Waits.waitUntil(Waits.java:85)
	at com.tutorialsninja.automation.framework.Elements.click(Elements.java:146)
	at com.tutorialsninja.automation.pages.CheckoutPage.placeAnOrder(CheckoutPage.java:36)
	at com.tutorialsninja.automation.stepdef.Order.i_place_an_order(Order.java:47)
	at sun.reflect.NativeMethodAccessorImpl.invoke0(Native Method)
	at sun.reflect.NativeMethodAccessorImpl.invoke(NativeMethodAccessorImpl.java:62)
	at sun.reflect.DelegatingMethodAccessorImpl.invoke(DelegatingMethodAccessorImpl.java:43)
	at java.lang.reflect.Method.invoke(Method.java:498)
	at io.cucumber.java.Invoker.doInvoke(Invoker.java:66)
	at io.cucumber.java.Invoker.invoke(Invoker.java:24)
	at io.cucumber.java.AbstractGlueDefinition.invokeMethod(AbstractGlueDefinition.java:47)
	at io.cucumber.java.JavaStepDefinition.execute(JavaStepDefinition.java:29)
	at io.cucumber.core.runner.CoreStepDefinition.execute(CoreStepDefinition.java:66)
	at io.cucumber.core.runner.PickleStepDefinitionMatch.runStep(PickleStepDefinitionMatch.java:63)
	at io.cucumber.core.runner.ExecutionMode$1.execute(ExecutionMode.java:10)
	at io.cucumber.core.runner.TestStep.executeStep(TestStep.java:92)
	at io.cucumber.core.runner.TestStep.run(TestStep.java:64)
	at io.cucumber.core.runner.PickleStepTestStep.run(PickleStepTestStep.java:51)
	at io.cucumber.core.runner.TestCase.run(TestCase.java:104)
	at io.cucumber.core.runner.Runner.runPickle(Runner.java:71)
	at io.cucumber.junit.PickleRunners$NoStepDescriptions.run(PickleRunners.java:151)
	at io.cucumber.junit.FeatureRunner.runChild(FeatureRunner.java:135)
	at io.cucumber.junit.FeatureRunner.runChild(FeatureRunner.java:27)
	at org.junit.runners.ParentRunner$4.run(ParentRunner.java:331)
	at org.junit.runners.ParentRunner$1.schedule(ParentRunner.java:79)
	at org.junit.runners.ParentRunner.runChildren(ParentRunner.java:329)
	at org.junit.runners.ParentRunner.access$100(ParentRunner.java:66)
	at org.junit.runners.ParentRunner$2.evaluate(ParentRunner.java:293)
	at org.junit.runners.ParentRunner$3.evaluate(ParentRunner.java:306)
	at org.junit.runners.ParentRunner.run(ParentRunner.java:413)
	at io.cucumber.junit.Cucumber.runChild(Cucumber.java:199)
	at io.cucumber.junit.Cucumber.runChild(Cucumber.java:90)
	at org.junit.runners.ParentRunner$4.run(ParentRunner.java:331)
	at org.junit.runners.ParentRunner$1.schedule(ParentRunner.java:79)
	at org.junit.runners.ParentRunner.runChildren(ParentRunner.java:329)
	at org.junit.runners.ParentRunner.access$100(ParentRunner.java:66)
	at org.junit.runners.ParentRunner$2.evaluate(ParentRunner.java:293)
	at io.cucumber.junit.Cucumber$RunCucumber.evaluate(Cucumber.java:234)
	at org.junit.runners.ParentRunner$3.evaluate(ParentRunner.java:306)
	at org.junit.runners.ParentRunner.run(ParentRunner.java:413)
	at org.junit.runner.JUnitCore.run(JUnitCore.java:137)
	at org.junit.runner.JUnitCore.run(JUnitCore.java:115)
	at org.testng.junit.JUnit4TestRunner.start(JUnit4TestRunner.java:82)
	at org.testng.junit.JUnit4TestRunner.run(JUnit4TestRunner.java:70)
	at org.testng.TestRunner$1.run(TestRunner.java:570)
	at org.testng.TestRunner.runJUnitWorkers(TestRunner.java:717)
	at org.testng.TestRunner.privateRunJUnit(TestRunner.java:601)
	at org.testng.TestRunner.run(TestRunner.java:502)
	at org.testng.SuiteRunner.runTest(SuiteRunner.java:455)
	at org.testng.SuiteRunner.runSequentially(SuiteRunner.java:450)
	at org.testng.SuiteRunner.privateRun(SuiteRunner.java:415)
	at org.testng.SuiteRunner.run(SuiteRunner.java:364)
	at org.testng.SuiteRunnerWorker.runSuite(SuiteRunnerWorker.java:52)
	at org.testng.SuiteRunnerWorker.run(SuiteRunnerWorker.java:84)
	at org.testng.TestNG.runSuitesSequentially(TestNG.java:1208)
	at org.testng.TestNG.runSuitesLocally(TestNG.java:1137)
	at org.testng.TestNG.runSuites(TestNG.java:1049)
	at org.testng.TestNG.run(TestNG.java:1017)
	at org.apache.maven.surefire.testng.TestNGExecutor.run(TestNGExecutor.java:135)
	at org.apache.maven.surefire.testng.TestNGDirectoryTestSuite.executeSingleClass(TestNGDirectoryTestSuite.java:112)
	at org.apache.maven.surefire.testng.TestNGDirectoryTestSuite.executeLazy(TestNGDirectoryTestSuite.java:123)
	at org.apache.maven.surefire.testng.TestNGDirectoryTestSuite.execute(TestNGDirectoryTestSuite.java:90)
	at org.apache.maven.surefire.testng.TestNGProvider.invoke(TestNGProvider.java:146)
	at org.apache.maven.surefire.booter.ForkedBooter.invokeProviderInSameClassLoader(ForkedBooter.java:384)
	at org.apache.maven.surefire.booter.ForkedBooter.runSuitesInProcess(ForkedBooter.java:345)
	at org.apache.maven.surefire.booter.ForkedBooter.execute(ForkedBooter.java:126)
	at org.apache.maven.surefire.booter.ForkedBooter.main(ForkedBooter.java:418)

  Then I should see that the order is placed successfully # com.tutorialsninja.automation.stepdef.Order.i_should_see_that_the_order_is_placed_successfully()

    Embedding Verify whether user is able to place an order [image/png 123616 bytes]

2022-03-16 12:09:08 [INFO ] [Hooks] - [closeBrowser] Scenario Completed: Verify whether user is able to place an order
2022-03-16 12:09:08 [INFO ] [Hooks] - [closeBrowser] Scenario Status is: FAILED

@Register
Scenario: Verify whether the user is able to register into the application by providing all the fields # FeatureFiles//Register.feature:4
2022-03-16 12:09:11 [INFO ] [Hooks] - [setUp] Scenario Started: Verify whether the user is able to register into the application by providing all the fields
2022-03-16 12:09:11 [INFO ] [Browser] - [startBrowser] Selected Browser is: firefox
2022-03-16 12:09:17 [INFO ] [Browser] - [startBrowser] Firefox Browser is Started320453674
  Given I launch the application                                                                       # com.tutorialsninja.automation.stepdef.Register.i_launch_the_application()
  And I navigate to Account Registration page                                                          # com.tutorialsninja.automation.stepdef.Register.i_navigate_to_Account_Registration_page()
  When I provide all the below valid details                                                           # com.tutorialsninja.automation.stepdef.Register.i_provide_all_the_below_valid_details(io.cucumber.datatable.DataTable)
  And I select the Privacy Policy                                                                      # com.tutorialsninja.automation.stepdef.Register.i_select_the_Privacy_Policy()
  And I click on Continue button                                                                       # com.tutorialsninja.automation.stepdef.Register.i_click_on_Continue_button()
  Then I should see that the User Account has successfully created                                     # com.tutorialsninja.automation.stepdef.Register.i_should_see_that_the_User_Account_has_successfully_created()
      org.openqa.selenium.NoSuchElementException: Unable to locate element: Success
For documentation on this error, please visit: https://www.seleniumhq.org/exceptions/no_such_element.html
Build info: version: '3.141.59', revision: 'e82be7d358', time: '2018-11-14T08:17:03'
System info: host: '7USHAR', ip: '172.29.41.139', os.name: 'Windows 10', os.arch: 'amd64', os.version: '10.0', java.version: '1.8.0_271'
Driver info: org.openqa.selenium.firefox.FirefoxDriver
Capabilities {acceptInsecureCerts: true, browserName: firefox, browserVersion: 97.0.2, javascriptEnabled: true, moz:accessibilityChecks: false, moz:buildID: 20220304162637, moz:geckodriverVersion: 0.30.0, moz:headless: false, moz:processID: 17288, moz:profile: C:\Users\USER\AppData\Local..., moz:shutdownTimeout: 60000, moz:useNonSpecCompliantPointerOrigin: false, moz:webdriverClick: true, pageLoadStrategy: normal, platform: WINDOWS, platformName: WINDOWS, platformVersion: 10.0, proxy: Proxy(), setWindowRect: true, strictFileInteractability: false, timeouts: {implicit: 0, pageLoad: 300000, script: 30000}, unhandledPromptBehavior: dismiss and notify}
Session ID: d731d240-27d8-4aa2-944b-d37f09983359
*** Element info: {Using=link text, value=Success}
	at sun.reflect.GeneratedConstructorAccessor15.newInstance(Unknown Source)
	at sun.reflect.DelegatingConstructorAccessorImpl.newInstance(DelegatingConstructorAccessorImpl.java:45)
	at java.lang.reflect.Constructor.newInstance(Constructor.java:423)
	at org.openqa.selenium.remote.http.W3CHttpResponseCodec.createException(W3CHttpResponseCodec.java:187)
	at org.openqa.selenium.remote.http.W3CHttpResponseCodec.decode(W3CHttpResponseCodec.java:122)
	at org.openqa.selenium.remote.http.W3CHttpResponseCodec.decode(W3CHttpResponseCodec.java:49)
	at org.openqa.selenium.remote.HttpCommandExecutor.execute(HttpCommandExecutor.java:158)
	at org.openqa.selenium.remote.service.DriverCommandExecutor.execute(DriverCommandExecutor.java:83)
	at org.openqa.selenium.remote.RemoteWebDriver.execute(RemoteWebDriver.java:552)
	at org.openqa.selenium.remote.RemoteWebDriver.findElement(RemoteWebDriver.java:323)
	at org.openqa.selenium.remote.RemoteWebDriver.findElementByLinkText(RemoteWebDriver.java:380)
	at org.openqa.selenium.By$ByLinkText.findElement(By.java:220)
	at org.openqa.selenium.remote.RemoteWebDriver.findElement(RemoteWebDriver.java:315)
	at org.openqa.selenium.support.pagefactory.DefaultElementLocator.findElement(DefaultElementLocator.java:69)
	at org.openqa.selenium.support.pagefactory.internal.LocatingElementHandler.invoke(LocatingElementHandler.java:38)
	at com.sun.proxy.$Proxy21.getText(Unknown Source)
	at com.tutorialsninja.automation.framework.Elements.getText(Elements.java:44)
	at com.tutorialsninja.automation.stepdef.Register.i_should_see_that_the_User_Account_has_successfully_created(Register.java:52)
	at âœ½.I should see that the User Account has successfully created(classpath:FeatureFiles//Register.feature:15)


    Embedding Verify whether the user is able to register into the application by providing all the fields [image/png 119619 bytes]

2022-03-16 12:09:24 [INFO ] [Hooks] - [closeBrowser] Scenario Completed: Verify whether the user is able to register into the application by providing all the fields
2022-03-16 12:09:24 [INFO ] [Hooks] - [closeBrowser] Scenario Status is: FAILED

Scenario: Verify whether the user is allowed or not to register on skipping mandatory fields # FeatureFiles//Register.feature:17
2022-03-16 12:09:27 [INFO ] [Hooks] - [setUp] Scenario Started: Verify whether the user is allowed or not to register on skipping mandatory fields
2022-03-16 12:09:27 [INFO ] [Browser] - [startBrowser] Selected Browser is: firefox
2022-03-16 12:09:35 [INFO ] [Browser] - [startBrowser] Firefox Browser is Started1515282013
  Given I launch the application                                                             # com.tutorialsninja.automation.stepdef.Register.i_launch_the_application()
  And I navigate to Account Registration page                                                # com.tutorialsninja.automation.stepdef.Register.i_navigate_to_Account_Registration_page()
  And I click on Continue button                                                             # com.tutorialsninja.automation.stepdef.Register.i_click_on_Continue_button()
  Then I should see that the user Account is not created                                     # com.tutorialsninja.automation.stepdef.Register.i_should_see_that_the_user_Account_is_not_created()
  And I should see error message informing the user to fill the mandatory fields             # com.tutorialsninja.automation.stepdef.Register.i_should_see_error_message_informing_the_user_to_fill_the_mandatory_fields()
2022-03-16 12:09:40 [INFO ] [Hooks] - [closeBrowser] Scenario Completed: Verify whether the user is allowed or not to register on skipping mandatory fields
2022-03-16 12:09:40 [INFO ] [Hooks] - [closeBrowser] Scenario Status is: PASSED

@Register
Scenario: Verify whether the user is able to register into application by opting for Newsletter subscription # FeatureFiles//Register.feature:25
2022-03-16 12:09:43 [INFO ] [Hooks] - [setUp] Scenario Started: Verify whether the user is able to register into application by opting for Newsletter subscription
2022-03-16 12:09:43 [INFO ] [Browser] - [startBrowser] Selected Browser is: firefox
2022-03-16 12:09:50 [INFO ] [Browser] - [startBrowser] Firefox Browser is Started320501014
  Given I launch the application                                                                             # com.tutorialsninja.automation.stepdef.Register.i_launch_the_application()
  And I navigate to Account Registration page                                                                # com.tutorialsninja.automation.stepdef.Register.i_navigate_to_Account_Registration_page()
  When I provide all the below valid details                                                                 # com.tutorialsninja.automation.stepdef.Register.i_provide_all_the_below_valid_details(io.cucumber.datatable.DataTable)
  And I select the Privacy Policy                                                                            # com.tutorialsninja.automation.stepdef.Register.i_select_the_Privacy_Policy()
  And I subscribe to newsletter                                                                              # com.tutorialsninja.automation.stepdef.Register.i_subscribe_to_newsletter()
  And I click on Continue button                                                                             # com.tutorialsninja.automation.stepdef.Register.i_click_on_Continue_button()
  Then I should see that the User Account has successfully created                                           # com.tutorialsninja.automation.stepdef.Register.i_should_see_that_the_User_Account_has_successfully_created()
      org.openqa.selenium.NoSuchElementException: Unable to locate element: Success
For documentation on this error, please visit: https://www.seleniumhq.org/exceptions/no_such_element.html
Build info: version: '3.141.59', revision: 'e82be7d358', time: '2018-11-14T08:17:03'
System info: host: '7USHAR', ip: '172.29.41.139', os.name: 'Windows 10', os.arch: 'amd64', os.version: '10.0', java.version: '1.8.0_271'
Driver info: org.openqa.selenium.firefox.FirefoxDriver
Capabilities {acceptInsecureCerts: true, browserName: firefox, browserVersion: 97.0.2, javascriptEnabled: true, moz:accessibilityChecks: false, moz:buildID: 20220304162637, moz:geckodriverVersion: 0.30.0, moz:headless: false, moz:processID: 2632, moz:profile: C:\Users\USER\AppData\Local..., moz:shutdownTimeout: 60000, moz:useNonSpecCompliantPointerOrigin: false, moz:webdriverClick: true, pageLoadStrategy: normal, platform: WINDOWS, platformName: WINDOWS, platformVersion: 10.0, proxy: Proxy(), setWindowRect: true, strictFileInteractability: false, timeouts: {implicit: 0, pageLoad: 300000, script: 30000}, unhandledPromptBehavior: dismiss and notify}
Session ID: 03d6dd99-0584-4232-821a-3709f64910cc
*** Element info: {Using=link text, value=Success}
	at sun.reflect.GeneratedConstructorAccessor15.newInstance(Unknown Source)
	at sun.reflect.DelegatingConstructorAccessorImpl.newInstance(DelegatingConstructorAccessorImpl.java:45)
	at java.lang.reflect.Constructor.newInstance(Constructor.java:423)
	at org.openqa.selenium.remote.http.W3CHttpResponseCodec.createException(W3CHttpResponseCodec.java:187)
	at org.openqa.selenium.remote.http.W3CHttpResponseCodec.decode(W3CHttpResponseCodec.java:122)
	at org.openqa.selenium.remote.http.W3CHttpResponseCodec.decode(W3CHttpResponseCodec.java:49)
	at org.openqa.selenium.remote.HttpCommandExecutor.execute(HttpCommandExecutor.java:158)
	at org.openqa.selenium.remote.service.DriverCommandExecutor.execute(DriverCommandExecutor.java:83)
	at org.openqa.selenium.remote.RemoteWebDriver.execute(RemoteWebDriver.java:552)
	at org.openqa.selenium.remote.RemoteWebDriver.findElement(RemoteWebDriver.java:323)
	at org.openqa.selenium.remote.RemoteWebDriver.findElementByLinkText(RemoteWebDriver.java:380)
	at org.openqa.selenium.By$ByLinkText.findElement(By.java:220)
	at org.openqa.selenium.remote.RemoteWebDriver.findElement(RemoteWebDriver.java:315)
	at org.openqa.selenium.support.pagefactory.DefaultElementLocator.findElement(DefaultElementLocator.java:69)
	at org.openqa.selenium.support.pagefactory.internal.LocatingElementHandler.invoke(LocatingElementHandler.java:38)
	at com.sun.proxy.$Proxy21.getText(Unknown Source)
	at com.tutorialsninja.automation.framework.Elements.getText(Elements.java:44)
	at com.tutorialsninja.automation.stepdef.Register.i_should_see_that_the_User_Account_has_successfully_created(Register.java:52)
	at âœ½.I should see that the User Account has successfully created(classpath:FeatureFiles//Register.feature:37)


    Embedding Verify whether the user is able to register into application by opting for Newsletter subscription [image/png 119619 bytes]

2022-03-16 12:09:56 [INFO ] [Hooks] - [closeBrowser] Scenario Completed: Verify whether the user is able to register into application by opting for Newsletter subscription
2022-03-16 12:09:56 [INFO ] [Hooks] - [closeBrowser] Scenario Status is: FAILED

Scenario: Verify whether the user is restricted from creating a duplicate account # FeatureFiles//Register.feature:40
2022-03-16 12:09:58 [INFO ] [Hooks] - [setUp] Scenario Started: Verify whether the user is restricted from creating a duplicate account
2022-03-16 12:09:58 [INFO ] [Browser] - [startBrowser] Selected Browser is: firefox
2022-03-16 12:10:05 [INFO ] [Browser] - [startBrowser] Firefox Browser is Started1744423762
  Given I launch the application                                                  # com.tutorialsninja.automation.stepdef.Register.i_launch_the_application()
  And I navigate to Account Registration page                                     # com.tutorialsninja.automation.stepdef.Register.i_navigate_to_Account_Registration_page()
  When I provide all the below valid details                                      # com.tutorialsninja.automation.stepdef.Register.i_provide_all_the_below_valid_details(io.cucumber.datatable.DataTable)
  And I select the Privacy Policy                                                 # com.tutorialsninja.automation.stepdef.Register.i_select_the_Privacy_Policy()
  And I click on Continue button                                                  # com.tutorialsninja.automation.stepdef.Register.i_click_on_Continue_button()
  Then I should see user is restricted from creating duplicate account            # com.tutorialsninja.automation.stepdef.Register.i_should_see_user_is_restricted_from_creating_duplicate_account()
2022-03-16 12:10:12 [INFO ] [Hooks] - [closeBrowser] Scenario Completed: Verify whether the user is restricted from creating a duplicate account
2022-03-16 12:10:12 [INFO ] [Hooks] - [closeBrowser] Scenario Status is: PASSED

Scenario: Verify whether the User is able to search for products # FeatureFiles//Search.feature:4
2022-03-16 12:10:16 [INFO ] [Hooks] - [setUp] Scenario Started: Verify whether the User is able to search for products
2022-03-16 12:10:16 [INFO ] [Browser] - [startBrowser] Selected Browser is: firefox
2022-03-16 12:10:22 [INFO ] [Browser] - [startBrowser] Firefox Browser is Started1266602046
  Given I launch the application                                 # com.tutorialsninja.automation.stepdef.Register.i_launch_the_application()
  When I search for a product "Samsung SyncMaster 941BW"         # com.tutorialsninja.automation.stepdef.Search.i_search_for_a_product(java.lang.String)
  Then I should see the product in the search resultsil address  # com.tutorialsninja.automation.stepdef.Search.i_should_see_the_product_in_the_search_resultsil_address()
2022-03-16 12:10:27 [INFO ] [Hooks] - [closeBrowser] Scenario Completed: Verify whether the User is able to search for products
2022-03-16 12:10:27 [INFO ] [Hooks] - [closeBrowser] Scenario Status is: PASSED

Scenario: Verify whether user is informed when product being searched is not available # FeatureFiles//Search.feature:9
2022-03-16 12:10:29 [INFO ] [Hooks] - [setUp] Scenario Started: Verify whether user is informed when product being searched is not available
2022-03-16 12:10:29 [INFO ] [Browser] - [startBrowser] Selected Browser is: firefox
2022-03-16 12:10:36 [INFO ] [Browser] - [startBrowser] Firefox Browser is Started1271515799
  Given I launch the application                                                       # com.tutorialsninja.automation.stepdef.Register.i_launch_the_application()
  When I search for a product "Apple iphone"                                           # com.tutorialsninja.automation.stepdef.Search.i_search_for_a_product(java.lang.String)
  Then I should see "There is no product that matches the search criteria." message    # com.tutorialsninja.automation.stepdef.Search.i_should_see_message(java.lang.String)
2022-03-16 12:10:39 [INFO ] [Hooks] - [closeBrowser] Scenario Completed: Verify whether user is informed when product being searched is not available
2022-03-16 12:10:39 [INFO ] [Hooks] - [closeBrowser] Scenario Status is: PASSED
]]></system-out>
    <system-err><![CDATA[SLF4J: Failed to load class "org.slf4j.impl.StaticLoggerBinder".
SLF4J: Defaulting to no-operation (NOP) logger implementation
SLF4J: See http://www.slf4j.org/codes.html#StaticLoggerBinder for further details.
1647412640488	geckodriver	INFO	Listening on 127.0.0.1:36883
1647412641111	mozrunner::runner	INFO	Running command: "C:\\Program Files\\Mozilla Firefox\\firefox.exe" "--marionette" "-no-remote" "-profile" "C:\\Users\\USER\\AppData\\Local\\Temp\\rust_mozprofileIS2wXa"
1647412641503	Marionette	INFO	Marionette enabled
console.warn: SearchSettings: "get: No settings file exists, new profile?" (new NotFoundError("Could not open the file at C:\\Users\\USER\\AppData\\Local\\Temp\\rust_mozprofileIS2wXa\\search.json.mozlz4", (void 0)))
1647412646292	Marionette	INFO	Listening on port 50421
1647412647020	RemoteAgent	WARN	TLS certificate errors will be ignored for this session
Mar 16, 2022 12:07:27 PM org.openqa.selenium.remote.ProtocolHandshake createSession
INFO: Detected dialect: W3C
console.warn: LoginRecipes: "getRecipes: falling back to a synchronous message for:" "http://tutorialsninja.com"
JavaScript error: resource://gre/modules/LoginManagerParent.jsm, line 136: TypeError: gRecipeManager is null
console.warn: LoginRecipes: "getRecipes: falling back to a synchronous message for:" "http://tutorialsninja.com"
JavaScript error: resource://gre/modules/LoginManagerParent.jsm, line 136: TypeError: gRecipeManager is null
1647412656365	Marionette	INFO	Stopped listening on port 50421
[Parent 19080, IPC I/O Parent] WARNING: file /builds/worker/checkouts/gecko/ipc/chromium/src/base/process_util_win.cc:167
1647412657981	geckodriver	INFO	Listening on 127.0.0.1:34005
1647412658472	mozrunner::runner	INFO	Running command: "C:\\Program Files\\Mozilla Firefox\\firefox.exe" "--marionette" "-no-remote" "-profile" "C:\\Users\\USER\\AppData\\Local\\Temp\\rust_mozprofilelc2Fry"
1647412659183	Marionette	INFO	Marionette enabled
console.warn: SearchSettings: "get: No settings file exists, new profile?" (new NotFoundError("Could not open the file at C:\\Users\\USER\\AppData\\Local\\Temp\\rust_mozprofilelc2Fry\\search.json.mozlz4", (void 0)))
1647412665583	Marionette	INFO	Listening on port 50487
1647412665625	RemoteAgent	WARN	TLS certificate errors will be ignored for this session
Mar 16, 2022 12:07:45 PM org.openqa.selenium.remote.ProtocolHandshake createSession
INFO: Detected dialect: W3C
console.warn: LoginRecipes: "getRecipes: falling back to a synchronous message for:" "http://tutorialsninja.com"
console.warn: LoginRecipes: "getRecipes: falling back to a synchronous message for:" "htJtp://tutorialsnavinja.com"aScript err
or: resource://gre/modules/LoginManagerParent.jsm, line 136: TypeError: gRecipeManager is null
1647412671163	Marionette	INFO	Stopped listening on port 50487
[Parent 11408, IPC I/O Parent] WARNING: file /builds/worker/checkouts/gecko/ipc/chromium/src/base/process_util_win.cc:167
1647412672507	geckodriver	INFO	Listening on 127.0.0.1:13198
1647412674000	mozrunner::runner	INFO	Running command: "C:\\Program Files\\Mozilla Firefox\\firefox.exe" "--marionette" "-no-remote" "-profile" "C:\\Users\\USER\\AppData\\Local\\Temp\\rust_mozprofileQemiui"
1647412674370	Marionette	INFO	Marionette enabled
console.warn: SearchSettings: "get: No settings file exists, new profile?" (new NotFoundError("Could not open the file at C:\\Users\\USER\\AppData\\Local\\Temp\\rust_mozprofileQemiui\\search.json.mozlz4", (void 0)))
1647412678559	Marionette	INFO	Listening on port 50556
1647412679271	RemoteAgent	WARN	TLS certificate errors will be ignored for this session
Mar 16, 2022 12:07:59 PM org.openqa.selenium.remote.ProtocolHandshake createSession
INFO: Detected dialect: W3C
console.warn: LoginRecipes: "getRecipes: falling back to a synchronous message for:" "http://tutorialsninja.com"
console.warn: LoginRecipes: "getRecipes: falling back to a synchronous message for:" "http://tutorialsninja.com"
1647412685712	Marionette	INFO	Stopped listening on port 50556
1647412687383	geckodriver	INFO	Listening on 127.0.0.1:48684
1647412687883	mozrunner::runner	INFO	Running command: "C:\\Program Files\\Mozilla Firefox\\firefox.exe" "--marionette" "-no-remote" "-profile" "C:\\Users\\USER\\AppData\\Local\\Temp\\rust_mozprofilesKW8S7"
1647412688229	Marionette	INFO	Marionette enabled
console.warn: SearchSettings: "get: No settings file exists, new profile?" (new NotFoundError("Could not open the file at C:\\Users\\USER\\AppData\\Local\\Temp\\rust_mozprofilesKW8S7\\search.json.mozlz4", (void 0)))
1647412693605	Marionette	INFO	Listening on port 50629
1647412694177	RemoteAgent	WARN	TLS certificate errors will be ignored for this session
Mar 16, 2022 12:08:14 PM org.openqa.selenium.remote.ProtocolHandshake createSession
INFO: Detected dialect: W3C
console.warn: LoginRecipes: "getRecipes: falling back to a synchronous message for:" "http://tutorialsninja.com"
console.warn: LoginRecipes: "getRecipes: falling back to a synchronous message for:" "http://tutorialsninja.com"
console.warn: LoginRecipes: "getRecipes: falling back to a synchronous message for:" "http://tutorialsninja.com"
1647412701095	Marionette	INFO	Stopped listening on port 50629
[Parent 13592, IPC I/O Parent] WARNING: file /builds/worker/checkouts/gecko/ipc/chromium/src/base/process_util_win.cc:167
JavaScript error: resource://gre/modules/Sqlite.jsm, line 996: Error: Connection is not open.
1647412702747	geckodriver	INFO	Listening on 127.0.0.1:19610
1647412703295	mozrunner::runner	INFO	Running command: "C:\\Program Files\\Mozilla Firefox\\firefox.exe" "--marionette" "-no-remote" "-profile" "C:\\Users\\USER\\AppData\\Local\\Temp\\rust_mozprofileG2u6Y2"
1647412703623	Marionette	INFO	Marionette enabled
console.warn: SearchSettings: "get: No settings file exists, new profile?" (new NotFoundError("Could not open the file at C:\\Users\\USER\\AppData\\Local\\Temp\\rust_mozprofileG2u6Y2\\search.json.mozlz4", (void 0)))
1647412710035	Marionette	INFO	Listening on port 60852
1647412710757	RemoteAgent	WARN	TLS certificate errors will be ignored for this session
Mar 16, 2022 12:08:30 PM org.openqa.selenium.remote.ProtocolHandshake createSession
INFO: Detected dialect: W3C
console.warn: LoginRecipes: "getRecipes: falling back to a synchronous message for:" "http://tutorialsninja.com"
console.warn: LoginRecipes: "getRecipes: falling back to a synchronous message for:" "http://tutorialsninja.com"
console.warn: LoginRecipes: "getRecipes: falling back to a synchronous message for:" "http://tutorialsninja.com"
console.warn: LoginRecipes: "getRecipes: falling back to a synchronous message for:" "http://tutorialsninja.com"
1647412748729	Marionette	INFO	Stopped listening on port 60852
1647412751378	geckodriver	INFO	Listening on 127.0.0.1:3044
1647412751848	mozrunner::runner	INFO	Running command: "C:\\Program Files\\Mozilla Firefox\\firefox.exe" "--marionette" "-no-remote" "-profile" "C:\\Users\\USER\\AppData\\Local\\Temp\\rust_mozprofilekIaJW4"
1647412752174	Marionette	INFO	Marionette enabled
console.warn: SearchSettings: "get: No settings file exists, new profile?" (new NotFoundError("Could not open the file at C:\\Users\\USER\\AppData\\Local\\Temp\\rust_mozprofilekIaJW4\\search.json.mozlz4", (void 0)))
1647412756971	Marionette	INFO	Listening on port 60923
1647412757740	RemoteAgent	WARN	TLS certificate errors will be ignored for this session
Mar 16, 2022 12:09:17 PM org.openqa.selenium.remote.ProtocolHandshake createSession
INFO: Detected dialect: W3C
console.warn: LoginRecipes: "getRecipes: falling back to a synchronous message for:" "http://tutorialsninja.com"
console.warn: LoginRecipes: "getRecipes: falling back to a synchronous message for:" "http://tutorialsninja.com"
JavaScript error: resource://gre/modules/LoginManagerParent.jsm, line 136: TypeError: gRecipeManager is null
1647412764661	Marionette	INFO	Stopped listening on port 60923
console.error: PushService: 
  stateChangeProcessEnqueue: Error transitioning state
  Message: Error: Data is not ready.
  Stack:
    get data@resource://gre/modules/JSONFile.jsm:186:13
getListeners@resource://gre/modules/PushBroadcastService.jsm:66:5
observe@resource://gre/modules/AsyncShutdown.jsm:575:16

JavaScript error: resource://gre/modules/Sqlite.jsm, line 996: Error: Connection is not open.
JavaScript error: resource://gre/modules/Sqlite.jsm, line 996: Error: Connection is not open.
JavaScript error: resource://gre/modules/Sqlite.jsm, line 996: Error: Connection is not open.
JavaScript error: resource://gre/modules/Sqlite.jsm, line 996: Error: Connection is not open.
1647412767142	geckodriver	INFO	Listening on 127.0.0.1:1160
1647412767748	mozrunner::runner	INFO	Running command: "C:\\Program Files\\Mozilla Firefox\\firefox.exe" "--marionette" "-no-remote" "-profile" "C:\\Users\\USER\\AppData\\Local\\Temp\\rust_mozprofileXKQYL5"
1647412768128	Marionette	INFO	Marionette enabled
console.warn: SearchSettings: "get: No settings file exists, new profile?" (new NotFoundError("Could not open the file at C:\\Users\\USER\\AppData\\Local\\Temp\\rust_mozprofileXKQYL5\\search.json.mozlz4", (void 0)))
1647412774042	Marionette	INFO	Listening on port 60991
1647412775157	RemoteAgent	WARN	TLS certificate errors will be ignored for this session
Mar 16, 2022 12:09:35 PM org.openqa.selenium.remote.ProtocolHandshake createSession
INFO: Detected dialect: W3C
console.warn: LoginRecipes: "getRecipes: falling back to a synchronous message for:" "http://tutorialsninja.com"
console.warn: LoginRecipes: "getRecipes: falling back to a synchronous message for:" "http://tutorialsninja.com"
1647412780604	Marionette	INFO	Stopped listening on port 60991
[Parent 16284, IPC I/O Parent] WARNING: file /builds/worker/checkouts/gecko/ipc/chromium/src/base/process_util_win.cc:167
console.error: PushService: 
  stateChangeProcessEnqueue: Error transitioning state
  Message: Error: Data is not ready.
  Stack:
    get data@resource://gre/modules/JSONFile.jsm:186:13
getListeners@resource://gre/modules/PushBroadcastService.jsm:66:5
observe@resource://gre/modules/AsyncShutdown.jsm:575:16


###!!! [Parent][PGPUParent] Error: RunMessage(msgname=PGPU::Msg_ShutdownVR) Channel closing: too late to send/recv, messages will be lost

1647412783354	geckodriver	INFO	Listening on 127.0.0.1:14590
1647412783869	mozrunner::runner	INFO	Running command: "C:\\Program Files\\Mozilla Firefox\\firefox.exe" "--marionette" "-no-remote" "-profile" "C:\\Users\\USER\\AppData\\Local\\Temp\\rust_mozprofile19oWmB"
1647412784229	Marionette	INFO	Marionette enabled
console.warn: SearchSettings: "get: No settings file exists, new profile?" (new NotFoundError("Could not open the file at C:\\Users\\USER\\AppData\\Local\\Temp\\rust_mozprofile19oWmB\\search.json.mozlz4", (void 0)))
1647412789634	Marionette	INFO	Listening on port 61051
1647412790293	RemoteAgent	WARN	TLS certificate errors will be ignored for this session
Mar 16, 2022 12:09:50 PM org.openqa.selenium.remote.ProtocolHandshake createSession
INFO: Detected dialect: W3C
console.warn: LoginRecipes: "getRecipes: falling back to a synchronous message for:" "http://tutorialsninja.com"
console.warn: LoginRecipes: "getRecipes: falling back to a synchronous message for:" "http://tutorialsninja.com"
JavaScript error: resource://gre/modules/LoginManagerParent.jsm, line 136: TypeError: gRecipeManager is null
1647412796787	Marionette	INFO	Stopped listening on port 61051
1647412798233	geckodriver	INFO	Listening on 127.0.0.1:8601
1647412798875	mozrunner::runner	INFO	Running command: "C:\\Program Files\\Mozilla Firefox\\firefox.exe" "--marionette" "-no-remote" "-profile" "C:\\Users\\USER\\AppData\\Local\\Temp\\rust_mozprofileuhgdwY"
1647412799254	Marionette	INFO	Marionette enabled
console.warn: SearchSettings: "get: No settings file exists, new profile?" (new NotFoundError("Could not open the file at C:\\Users\\USER\\AppData\\Local\\Temp\\rust_mozprofileuhgdwY\\search.json.mozlz4", (void 0)))
1647412804757	Marionette	INFO	Listening on port 61129
1647412805357	RemoteAgent	WARN	TLS certificate errors will be ignored for this session
Mar 16, 2022 12:10:05 PM org.openqa.selenium.remote.ProtocolHandshake createSession
INFO: Detected dialect: W3C
console.warn: LoginRecipes: "getRecipes: falling back to a synchronous message for:" "http://tutorialsninja.com"
console.warn: LoginRecipes: "getRecipes: falling back to a synchronous message for:" "http://tutorialsninja.com"
JavaScript error: resource://gre/modules/LoginManagerParent.jsm, line 136: TypeError: gRecipeManager is null
1647412812436	Marionette	INFO	Stopped listening on port 61129

###!!! [Child][PContentChild] Error: RunMessage(msgname=PHttpChannel::Msg_DeleteSelf) Channel closing: too late to send/recv, messages will be lost

1647412816322	geckodriver	INFO	Listening on 127.0.0.1:5849
1647412816802	mozrunner::runner	INFO	Running command: "C:\\Program Files\\Mozilla Firefox\\firefox.exe" "--marionette" "-no-remote" "-profile" "C:\\Users\\USER\\AppData\\Local\\Temp\\rust_mozprofileU7tUoc"
1647412817139	Marionette	INFO	Marionette enabled
console.warn: SearchSettings: "get: No settings file exists, new profile?" (new NotFoundError("Could not open the file at C:\\Users\\USER\\AppData\\Local\\Temp\\rust_mozprofileU7tUoc\\search.json.mozlz4", (void 0)))
1647412822091	Marionette	INFO	Listening on port 61199
1647412822830	RemoteAgent	WARN	TLS certificate errors will be ignored for this session
Mar 16, 2022 12:10:22 PM org.openqa.selenium.remote.ProtocolHandshake createSession
INFO: Detected dialect: W3C
1647412827138	Marionette	INFO	Stopped listening on port 61199
[Parent 12644, IPC I/O Parent] WARNING: file /builds/worker/checkouts/gecko/ipc/chromium/src/base/process_util_win.cc:167
1647412829089	geckodriver	INFO	Listening on 127.0.0.1:38408
1647412829587	mozrunner::runner	INFO	Running command: "C:\\Program Files\\Mozilla Firefox\\firefox.exe" "--marionette" "-no-remote" "-profile" "C:\\Users\\USER\\AppData\\Local\\Temp\\rust_mozprofile4lmsHL"
1647412829897	Marionette	INFO	Marionette enabled
console.warn: SearchSettings: "get: No settings file exists, new profile?" (new NotFoundError("Could not open the file at C:\\Users\\USER\\AppData\\Local\\Temp\\rust_mozprofile4lmsHL\\search.json.mozlz4", (void 0)))
1647412835616	Marionette	INFO	Listening on port 61256
1647412836289	RemoteAgent	WARN	TLS certificate errors will be ignored for this session
Mar 16, 2022 12:10:36 PM org.openqa.selenium.remote.ProtocolHandshake createSession
INFO: Detected dialect: W3C
1647412839999	Marionette	INFO	Stopped listening on port 61256
[Parent 16352, IPC I/O Parent] WARNING: file /builds/worker/checkouts/gecko/ipc/chromium/src/base/process_util_win.cc:167

###!!! [Parent][PGPUParent] Error: RunMessage(msgname=PGPU::Msg_ShutdownVR) Channel closing: too late to send/recv, messages will be lost

Mar 16, 2022 12:10:42 PM tech.grasshopper.pdf.PDFCucumberReport collectReportConfiguration
INFO: PDF report configuration not found. Using default settings.
]]></system-err>
  </testcase>
</testsuite>